# JRE version: Java(TM) SE Runtime Environment (8.0_66-b17) (build 1.8.0_66-b17)
# Java VM: Java HotSpot(TM) Client VM (25.66-b17 mixed mode linux-x86 )
Heap:
 def new generation   total 196480K, used 16840K [0x74800000, 0x81d30000, 0x89d50000)
  eden space 174656K,   9% used [0x74800000, 0x758721d8, 0x7f290000)
  from space 21824K,   0% used [0x807e0000, 0x807e0000, 0x81d30000)
  to   space 21824K,   0% used [0x7f290000, 0x7f290000, 0x807e0000)
 tenured generation   total 437888K, used 437888K [0x89d50000, 0xa48f0000, 0xb4800000)
   the space 437888K, 100% used [0x89d50000, 0xa48f0000, 0xa48f0000, 0xa48f0000)
 Metaspace       used 6420K, capacity 6472K, committed 6552K, reserved 7472K
GC Heap History (10 events):
Event: 7.693 GC heap after
Heap after GC invocations=31 (full 2):
 def new generation   total 110080K, used 12223K [0x74800000, 0x7bf70000, 0x89d50000)
  eden space 97856K,   0% used [0x74800000, 0x74800000, 0x7a790000)
  from space 12224K,  99% used [0x7a790000, 0x7b37fff8, 0x7b380000)
  to   space 12224K,   0% used [0x7b380000, 0x7b380000, 0x7bf70000)
 tenured generation   total 244480K, used 229036K [0x89d50000, 0x98c10000, 0xb4800000)
   the space 244480K,  93% used [0x89d50000, 0x97cfb2e0, 0x97cfb400, 0x98c10000)
 Metaspace       used 6418K, capacity 6472K, committed 6552K, reserved 7472K
}
Event: 7.784 GC heap before
{Heap before GC invocations=31 (full 2):
 def new generation   total 110080K, used 110079K [0x74800000, 0x7bf70000, 0x89d50000)
  eden space 97856K, 100% used [0x74800000, 0x7a790000, 0x7a790000)
  from space 12224K,  99% used [0x7a790000, 0x7b37fff8, 0x7b380000)
  to   space 12224K,   0% used [0x7b380000, 0x7b380000, 0x7bf70000)
 tenured generation   total 244480K, used 229036K [0x89d50000, 0x98c10000, 0xb4800000)
   the space 244480K,  93% used [0x89d50000, 0x97cfb2e0, 0x97cfb400, 0x98c10000)
 Metaspace       used 6418K, capacity 6472K, committed 6552K, reserved 7472K
Event: 7.879 GC heap after
Heap after GC invocations=32 (full 2):
 def new generation   total 110080K, used 12224K [0x74800000, 0x7bf70000, 0x89d50000)
  eden space 97856K,   0% used [0x74800000, 0x74800000, 0x7a790000)
  from space 12224K, 100% used [0x7b380000, 0x7bf70000, 0x7bf70000)
  to   space 12224K,   0% used [0x7a790000, 0x7a790000, 0x7b380000)
 tenured generation   total 244480K, used 244278K [0x89d50000, 0x98c10000, 0xb4800000)
   the space 244480K,  99% used [0x89d50000, 0x98bdd9a0, 0x98bdda00, 0x98c10000)
 Metaspace       used 6418K, capacity 6472K, committed 6552K, reserved 7472K
}
Event: 7.959 GC heap before
{Heap before GC invocations=32 (full 2):
 def new generation   total 110080K, used 110080K [0x74800000, 0x7bf70000, 0x89d50000)
  eden space 97856K, 100% used [0x74800000, 0x7a790000, 0x7a790000)
  from space 12224K, 100% used [0x7b380000, 0x7bf70000, 0x7bf70000)
  to   space 12224K,   0% used [0x7a790000, 0x7a790000, 0x7b380000)
 tenured generation   total 244480K, used 244278K [0x89d50000, 0x98c10000, 0xb4800000)
   the space 244480K,  99% used [0x89d50000, 0x98bdd9a0, 0x98bdda00, 0x98c10000)
 Metaspace       used 6418K, capacity 6472K, committed 6552K, reserved 7472K
Event: 9.089 GC heap after
Heap after GC invocations=33 (full 3):
 def new generation   total 196480K, used 12219K [0x74800000, 0x81d30000, 0x89d50000)
  eden space 174656K,   6% used [0x74800000, 0x753eeed0, 0x7f290000)
  from space 21824K,   0% used [0x7f290000, 0x7f290000, 0x807e0000)
  to   space 21824K,   0% used [0x807e0000, 0x807e0000, 0x81d30000)
 tenured generation   total 436480K, used 261888K [0x89d50000, 0xa4790000, 0xb4800000)
   the space 436480K,  60% used [0x89d50000, 0x99d10000, 0x99d10000, 0xa4790000)
 Metaspace       used 6418K, capacity 6472K, committed 6552K, reserved 7472K
}
Event: 9.248 GC heap before
{Heap before GC invocations=33 (full 3):
 def new generation   total 196480K, used 174656K [0x74800000, 0x81d30000, 0x89d50000)
  eden space 174656K, 100% used [0x74800000, 0x7f290000, 0x7f290000)
  from space 21824K,   0% used [0x7f290000, 0x7f290000, 0x807e0000)
  to   space 21824K,   0% used [0x807e0000, 0x807e0000, 0x81d30000)
 tenured generation   total 436480K, used 261888K [0x89d50000, 0xa4790000, 0xb4800000)
   the space 436480K,  60% used [0x89d50000, 0x99d10000, 0x99d10000, 0xa4790000)
 Metaspace       used 6418K, capacity 6472K, committed 6552K, reserved 7472K
Event: 9.573 GC heap after
Heap after GC invocations=34 (full 3):
 def new generation   total 196480K, used 21823K [0x74800000, 0x81d30000, 0x89d50000)
  eden space 174656K,   0% used [0x74800000, 0x74800000, 0x7f290000)
  from space 21824K,  99% used [0x807e0000, 0x81d2fff8, 0x81d30000)
  to   space 21824K,   0% used [0x7f290000, 0x7f290000, 0x807e0000)
 tenured generation   total 436480K, used 283059K [0x89d50000, 0xa4790000, 0xb4800000)
   the space 436480K,  64% used [0x89d50000, 0x9b1bcc78, 0x9b1bce00, 0xa4790000)
 Metaspace       used 6418K, capacity 6472K, committed 6552K, reserved 7472K
}
Event: 9.945 GC heap before
{Heap before GC invocations=34 (full 3):
 def new generation   total 196480K, used 196479K [0x74800000, 0x81d30000, 0x89d50000)
  eden space 174656K, 100% used [0x74800000, 0x7f290000, 0x7f290000)
  from space 21824K,  99% used [0x807e0000, 0x81d2fff8, 0x81d30000)
  to   space 21824K,   0% used [0x7f290000, 0x7f290000, 0x807e0000)
 tenured generation   total 436480K, used 283059K [0x89d50000, 0xa4790000, 0xb4800000)
   the space 436480K,  64% used [0x89d50000, 0x9b1bcc78, 0x9b1bce00, 0xa4790000)
 Metaspace       used 6419K, capacity 6472K, committed 6552K, reserved 7472K
Event: 10.368 GC heap after
Heap after GC invocations=35 (full 3):
 def new generation   total 196480K, used 21824K [0x74800000, 0x81d30000, 0x89d50000)
  eden space 174656K,   0% used [0x74800000, 0x74800000, 0x7f290000)
  from space 21824K, 100% used [0x7f290000, 0x807e0000, 0x807e0000)
  to   space 21824K,   0% used [0x807e0000, 0x807e0000, 0x81d30000)
 tenured generation   total 436480K, used 355196K [0x89d50000, 0xa4790000, 0xb4800000)
   the space 436480K,  81% used [0x89d50000, 0x9f82f1d0, 0x9f82f200, 0xa4790000)
 Metaspace       used 6419K, capacity 6472K, committed 6552K, reserved 7472K
}
Event: 10.697 GC heap before
{Heap before GC invocations=35 (full 3):
 def new generation   total 196480K, used 196480K [0x74800000, 0x81d30000, 0x89d50000)
  eden space 174656K, 100% used [0x74800000, 0x7f290000, 0x7f290000)
  from space 21824K, 100% used [0x7f290000, 0x807e0000, 0x807e0000)
  to   space 21824K,   0% used [0x807e0000, 0x807e0000, 0x81d30000)
 tenured generation   total 436480K, used 355196K [0x89d50000, 0xa4790000, 0xb4800000)
   the space 436480K,  81% used [0x89d50000, 0x9f82f1d0, 0x9f82f200, 0xa4790000)
 Metaspace       used 6420K, capacity 6472K, committed 6552K, reserved 7472K

