# JRE version: Java(TM) SE Runtime Environment (8.0_66-b17) (build 1.8.0_66-b17)
# Java VM: Java HotSpot(TM) Client VM (25.66-b17 mixed mode linux-x86 )
Heap:
 def new generation   total 196480K, used 16826K [0x76000000, 0x83530000, 0x8ad50000)
  eden space 174656K,   9% used [0x76000000, 0x7706e9c8, 0x80a90000)
  from space 21824K,   0% used [0x81fe0000, 0x81fe0000, 0x83530000)
  to   space 21824K,   0% used [0x80a90000, 0x80a90000, 0x81fe0000)
 tenured generation   total 437888K, used 437888K [0x8ad50000, 0xa58f0000, 0xb4800000)
   the space 437888K, 100% used [0x8ad50000, 0xa58f0000, 0xa58f0000, 0xa58f0000)
 Metaspace       used 6420K, capacity 6472K, committed 6552K, reserved 7472K
GC Heap History (10 events):
Event: 7.820 GC heap after
Heap after GC invocations=31 (full 2):
 def new generation   total 110080K, used 12223K [0x76000000, 0x7d770000, 0x8ad50000)
  eden space 97856K,   0% used [0x76000000, 0x76000000, 0x7bf90000)
  from space 12224K,  99% used [0x7bf90000, 0x7cb7fff8, 0x7cb80000)
  to   space 12224K,   0% used [0x7cb80000, 0x7cb80000, 0x7d770000)
 tenured generation   total 244480K, used 229032K [0x8ad50000, 0x99c10000, 0xb4800000)
   the space 244480K,  93% used [0x8ad50000, 0x98cfa168, 0x98cfa200, 0x99c10000)
 Metaspace       used 6418K, capacity 6472K, committed 6552K, reserved 7472K
}
Event: 7.916 GC heap before
{Heap before GC invocations=31 (full 2):
 def new generation   total 110080K, used 110079K [0x76000000, 0x7d770000, 0x8ad50000)
  eden space 97856K, 100% used [0x76000000, 0x7bf90000, 0x7bf90000)
  from space 12224K,  99% used [0x7bf90000, 0x7cb7fff8, 0x7cb80000)
  to   space 12224K,   0% used [0x7cb80000, 0x7cb80000, 0x7d770000)
 tenured generation   total 244480K, used 229032K [0x8ad50000, 0x99c10000, 0xb4800000)
   the space 244480K,  93% used [0x8ad50000, 0x98cfa168, 0x98cfa200, 0x99c10000)
 Metaspace       used 6418K, capacity 6472K, committed 6552K, reserved 7472K
Event: 8.025 GC heap after
Heap after GC invocations=32 (full 2):
 def new generation   total 110080K, used 12224K [0x76000000, 0x7d770000, 0x8ad50000)
  eden space 97856K,   0% used [0x76000000, 0x76000000, 0x7bf90000)
  from space 12224K, 100% used [0x7cb80000, 0x7d770000, 0x7d770000)
  to   space 12224K,   0% used [0x7bf90000, 0x7bf90000, 0x7cb80000)
 tenured generation   total 244480K, used 244274K [0x8ad50000, 0x99c10000, 0xb4800000)
   the space 244480K,  99% used [0x8ad50000, 0x99bdc990, 0x99bdca00, 0x99c10000)
 Metaspace       used 6418K, capacity 6472K, committed 6552K, reserved 7472K
}
Event: 8.115 GC heap before
{Heap before GC invocations=32 (full 2):
 def new generation   total 110080K, used 110080K [0x76000000, 0x7d770000, 0x8ad50000)
  eden space 97856K, 100% used [0x76000000, 0x7bf90000, 0x7bf90000)
  from space 12224K, 100% used [0x7cb80000, 0x7d770000, 0x7d770000)
  to   space 12224K,   0% used [0x7bf90000, 0x7bf90000, 0x7cb80000)
 tenured generation   total 244480K, used 244274K [0x8ad50000, 0x99c10000, 0xb4800000)
   the space 244480K,  99% used [0x8ad50000, 0x99bdc990, 0x99bdca00, 0x99c10000)
 Metaspace       used 6418K, capacity 6472K, committed 6552K, reserved 7472K
Event: 9.260 GC heap after
Heap after GC invocations=33 (full 3):
 def new generation   total 196480K, used 12214K [0x76000000, 0x83530000, 0x8ad50000)
  eden space 174656K,   6% used [0x76000000, 0x76bedae8, 0x80a90000)
  from space 21824K,   0% used [0x80a90000, 0x80a90000, 0x81fe0000)
  to   space 21824K,   0% used [0x81fe0000, 0x81fe0000, 0x83530000)
 tenured generation   total 436480K, used 261887K [0x8ad50000, 0xa5790000, 0xb4800000)
   the space 436480K,  59% used [0x8ad50000, 0x9ad0fff8, 0x9ad10000, 0xa5790000)
 Metaspace       used 6418K, capacity 6472K, committed 6552K, reserved 7472K
}
Event: 9.421 GC heap before
{Heap before GC invocations=33 (full 3):
 def new generation   total 196480K, used 174656K [0x76000000, 0x83530000, 0x8ad50000)
  eden space 174656K, 100% used [0x76000000, 0x80a90000, 0x80a90000)
  from space 21824K,   0% used [0x80a90000, 0x80a90000, 0x81fe0000)
  to   space 21824K,   0% used [0x81fe0000, 0x81fe0000, 0x83530000)
 tenured generation   total 436480K, used 261887K [0x8ad50000, 0xa5790000, 0xb4800000)
   the space 436480K,  59% used [0x8ad50000, 0x9ad0fff8, 0x9ad10000, 0xa5790000)
 Metaspace       used 6418K, capacity 6472K, committed 6552K, reserved 7472K
Event: 9.750 GC heap after
Heap after GC invocations=34 (full 3):
 def new generation   total 196480K, used 21824K [0x76000000, 0x83530000, 0x8ad50000)
  eden space 174656K,   0% used [0x76000000, 0x76000000, 0x80a90000)
  from space 21824K, 100% used [0x81fe0000, 0x83530000, 0x83530000)
  to   space 21824K,   0% used [0x80a90000, 0x80a90000, 0x81fe0000)
 tenured generation   total 436480K, used 283056K [0x8ad50000, 0xa5790000, 0xb4800000)
   the space 436480K,  64% used [0x8ad50000, 0x9c1bc1b8, 0x9c1bc200, 0xa5790000)
 Metaspace       used 6418K, capacity 6472K, committed 6552K, reserved 7472K
}
Event: 10.124 GC heap before
{Heap before GC invocations=34 (full 3):
 def new generation   total 196480K, used 196480K [0x76000000, 0x83530000, 0x8ad50000)
  eden space 174656K, 100% used [0x76000000, 0x80a90000, 0x80a90000)
  from space 21824K, 100% used [0x81fe0000, 0x83530000, 0x83530000)
  to   space 21824K,   0% used [0x80a90000, 0x80a90000, 0x81fe0000)
 tenured generation   total 436480K, used 283056K [0x8ad50000, 0xa5790000, 0xb4800000)
   the space 436480K,  64% used [0x8ad50000, 0x9c1bc1b8, 0x9c1bc200, 0xa5790000)
 Metaspace       used 6419K, capacity 6472K, committed 6552K, reserved 7472K
Event: 10.533 GC heap after
Heap after GC invocations=35 (full 3):
 def new generation   total 196480K, used 21824K [0x76000000, 0x83530000, 0x8ad50000)
  eden space 174656K,   0% used [0x76000000, 0x76000000, 0x80a90000)
  from space 21824K, 100% used [0x80a90000, 0x81fe0000, 0x81fe0000)
  to   space 21824K,   0% used [0x81fe0000, 0x81fe0000, 0x83530000)
 tenured generation   total 436480K, used 355178K [0x8ad50000, 0xa5790000, 0xb4800000)
   the space 436480K,  81% used [0x8ad50000, 0xa082aa48, 0xa082ac00, 0xa5790000)
 Metaspace       used 6419K, capacity 6472K, committed 6552K, reserved 7472K
}
Event: 10.851 GC heap before
{Heap before GC invocations=35 (full 3):
 def new generation   total 196480K, used 196480K [0x76000000, 0x83530000, 0x8ad50000)
  eden space 174656K, 100% used [0x76000000, 0x80a90000, 0x80a90000)
  from space 21824K, 100% used [0x80a90000, 0x81fe0000, 0x81fe0000)
  to   space 21824K,   0% used [0x81fe0000, 0x81fe0000, 0x83530000)
 tenured generation   total 436480K, used 355178K [0x8ad50000, 0xa5790000, 0xb4800000)
   the space 436480K,  81% used [0x8ad50000, 0xa082aa48, 0xa082ac00, 0xa5790000)
 Metaspace       used 6420K, capacity 6472K, committed 6552K, reserved 7472K

